[0.827s] DEBUG:colcon:Command line arguments: ['/usr/bin/colcon', 'build', '--packages-select', 'fishbot_description']
[0.827s] DEBUG:colcon:Parsed command line arguments: Namespace(log_base=None, log_level=None, verb_name='build', build_base='build', install_base='install', merge_install=False, symlink_install=False, test_result_base=None, continue_on_error=False, executor='parallel', parallel_workers=16, event_handlers=None, ignore_user_meta=False, metas=['./colcon.meta'], base_paths=['.'], packages_ignore=None, packages_ignore_regex=None, paths=None, packages_up_to=None, packages_up_to_regex=None, packages_above=None, packages_above_and_dependencies=None, packages_above_depth=None, packages_select_by_dep=None, packages_skip_by_dep=None, packages_skip_up_to=None, packages_select_build_failed=False, packages_skip_build_finished=False, packages_select_test_failures=False, packages_skip_test_passed=False, packages_select=['fishbot_description'], packages_skip=None, packages_select_regex=None, packages_skip_regex=None, packages_start=None, packages_end=None, allow_overriding=[], cmake_args=None, cmake_target=None, cmake_target_skip_unavailable=False, cmake_clean_cache=False, cmake_clean_first=False, cmake_force_configure=False, ament_cmake_args=None, catkin_cmake_args=None, catkin_skip_building_tests=False, mixin_files=None, mixin=None, verb_parser=<colcon_mixin.mixin.mixin_argument.MixinArgumentDecorator object at 0x709516c4d900>, verb_extension=<colcon_core.verb.build.BuildVerb object at 0x709516c4d390>, main=<bound method BuildVerb.main of <colcon_core.verb.build.BuildVerb object at 0x709516c4d390>>, mixin_verb=('build',))
[1.702s] Level 1:colcon.colcon_core.package_discovery:discover_packages(colcon_meta) check parameters
[1.702s] Level 1:colcon.colcon_core.package_discovery:discover_packages(recursive) check parameters
[1.702s] Level 1:colcon.colcon_core.package_discovery:discover_packages(ignore) check parameters
[1.702s] Level 1:colcon.colcon_core.package_discovery:discover_packages(path) check parameters
[1.703s] Level 1:colcon.colcon_core.package_discovery:discover_packages(colcon_meta) discover
[1.703s] Level 1:colcon.colcon_core.package_discovery:discover_packages(recursive) discover
[1.703s] INFO:colcon.colcon_core.package_discovery:Crawling recursively for packages in '/home/adhiraj/fishbot_ws'
[1.703s] Level 1:colcon.colcon_core.package_identification:_identify(.) by extensions ['ignore', 'ignore_ament_install']
[1.704s] Level 1:colcon.colcon_core.package_identification:_identify(.) by extension 'ignore'
[1.704s] Level 1:colcon.colcon_core.package_identification:_identify(.) by extension 'ignore_ament_install'
[1.704s] Level 1:colcon.colcon_core.package_identification:_identify(.) by extensions ['colcon_pkg']
[1.704s] Level 1:colcon.colcon_core.package_identification:_identify(.) by extension 'colcon_pkg'
[1.704s] Level 1:colcon.colcon_core.package_identification:_identify(.) by extensions ['colcon_meta']
[1.704s] Level 1:colcon.colcon_core.package_identification:_identify(.) by extension 'colcon_meta'
[1.704s] Level 1:colcon.colcon_core.package_identification:_identify(.) by extensions ['ros']
[1.704s] Level 1:colcon.colcon_core.package_identification:_identify(.) by extension 'ros'
[1.741s] Level 1:colcon.colcon_core.package_identification:_identify(.) by extensions ['cmake', 'python']
[1.741s] Level 1:colcon.colcon_core.package_identification:_identify(.) by extension 'cmake'
[1.741s] Level 1:colcon.colcon_core.package_identification:_identify(.) by extension 'python'
[1.742s] Level 1:colcon.colcon_core.package_identification:_identify(.) by extensions ['python_setup_py']
[1.742s] Level 1:colcon.colcon_core.package_identification:_identify(.) by extension 'python_setup_py'
[1.742s] Level 1:colcon.colcon_core.package_identification:_identify(build) by extensions ['ignore', 'ignore_ament_install']
[1.742s] Level 1:colcon.colcon_core.package_identification:_identify(build) by extension 'ignore'
[1.742s] Level 1:colcon.colcon_core.package_identification:_identify(build) ignored
[1.743s] Level 1:colcon.colcon_core.package_identification:_identify(install) by extensions ['ignore', 'ignore_ament_install']
[1.743s] Level 1:colcon.colcon_core.package_identification:_identify(install) by extension 'ignore'
[1.743s] Level 1:colcon.colcon_core.package_identification:_identify(install) ignored
[1.744s] Level 1:colcon.colcon_core.package_identification:_identify(log) by extensions ['ignore', 'ignore_ament_install']
[1.744s] Level 1:colcon.colcon_core.package_identification:_identify(log) by extension 'ignore'
[1.744s] Level 1:colcon.colcon_core.package_identification:_identify(log) ignored
[1.744s] Level 1:colcon.colcon_core.package_identification:_identify(src) by extensions ['ignore', 'ignore_ament_install']
[1.744s] Level 1:colcon.colcon_core.package_identification:_identify(src) by extension 'ignore'
[1.745s] Level 1:colcon.colcon_core.package_identification:_identify(src) by extension 'ignore_ament_install'
[1.745s] Level 1:colcon.colcon_core.package_identification:_identify(src) by extensions ['colcon_pkg']
[1.745s] Level 1:colcon.colcon_core.package_identification:_identify(src) by extension 'colcon_pkg'
[1.745s] Level 1:colcon.colcon_core.package_identification:_identify(src) by extensions ['colcon_meta']
[1.745s] Level 1:colcon.colcon_core.package_identification:_identify(src) by extension 'colcon_meta'
[1.745s] Level 1:colcon.colcon_core.package_identification:_identify(src) by extensions ['ros']
[1.745s] Level 1:colcon.colcon_core.package_identification:_identify(src) by extension 'ros'
[1.745s] Level 1:colcon.colcon_core.package_identification:_identify(src) by extensions ['cmake', 'python']
[1.746s] Level 1:colcon.colcon_core.package_identification:_identify(src) by extension 'cmake'
[1.746s] Level 1:colcon.colcon_core.package_identification:_identify(src) by extension 'python'
[1.746s] Level 1:colcon.colcon_core.package_identification:_identify(src) by extensions ['python_setup_py']
[1.746s] Level 1:colcon.colcon_core.package_identification:_identify(src) by extension 'python_setup_py'
[1.747s] Level 1:colcon.colcon_core.package_identification:_identify(src/fishbot_control) by extensions ['ignore', 'ignore_ament_install']
[1.747s] Level 1:colcon.colcon_core.package_identification:_identify(src/fishbot_control) by extension 'ignore'
[1.747s] Level 1:colcon.colcon_core.package_identification:_identify(src/fishbot_control) by extension 'ignore_ament_install'
[1.748s] Level 1:colcon.colcon_core.package_identification:_identify(src/fishbot_control) by extensions ['colcon_pkg']
[1.748s] Level 1:colcon.colcon_core.package_identification:_identify(src/fishbot_control) by extension 'colcon_pkg'
[1.748s] Level 1:colcon.colcon_core.package_identification:_identify(src/fishbot_control) by extensions ['colcon_meta']
[1.748s] Level 1:colcon.colcon_core.package_identification:_identify(src/fishbot_control) by extension 'colcon_meta'
[1.748s] Level 1:colcon.colcon_core.package_identification:_identify(src/fishbot_control) by extensions ['ros']
[1.748s] Level 1:colcon.colcon_core.package_identification:_identify(src/fishbot_control) by extension 'ros'
[1.756s] DEBUG:colcon.colcon_core.package_identification:Package 'src/fishbot_control' with type 'ros.ament_python' and name 'fishbot_control'
[1.756s] Level 1:colcon.colcon_core.package_identification:_identify(src/fishbot_description) by extensions ['ignore', 'ignore_ament_install']
[1.756s] Level 1:colcon.colcon_core.package_identification:_identify(src/fishbot_description) by extension 'ignore'
[1.757s] Level 1:colcon.colcon_core.package_identification:_identify(src/fishbot_description) by extension 'ignore_ament_install'
[1.757s] Level 1:colcon.colcon_core.package_identification:_identify(src/fishbot_description) by extensions ['colcon_pkg']
[1.758s] Level 1:colcon.colcon_core.package_identification:_identify(src/fishbot_description) by extension 'colcon_pkg'
[1.758s] Level 1:colcon.colcon_core.package_identification:_identify(src/fishbot_description) by extensions ['colcon_meta']
[1.758s] Level 1:colcon.colcon_core.package_identification:_identify(src/fishbot_description) by extension 'colcon_meta'
[1.758s] Level 1:colcon.colcon_core.package_identification:_identify(src/fishbot_description) by extensions ['ros']
[1.758s] Level 1:colcon.colcon_core.package_identification:_identify(src/fishbot_description) by extension 'ros'
[1.760s] DEBUG:colcon.colcon_core.package_identification:Package 'src/fishbot_description' with type 'ros.ament_cmake' and name 'fishbot_description'
[1.760s] Level 1:colcon.colcon_core.package_discovery:discover_packages(recursive) using defaults
[1.760s] Level 1:colcon.colcon_core.package_discovery:discover_packages(ignore) discover
[1.760s] Level 1:colcon.colcon_core.package_discovery:discover_packages(ignore) using defaults
[1.761s] Level 1:colcon.colcon_core.package_discovery:discover_packages(path) discover
[1.761s] Level 1:colcon.colcon_core.package_discovery:discover_packages(path) using defaults
[1.841s] INFO:colcon.colcon_core.package_selection:Skipping not selected package 'fishbot_control' in 'src/fishbot_control'
[1.843s] Level 1:colcon.colcon_core.package_discovery:discover_packages(prefix_path) check parameters
[1.843s] Level 1:colcon.colcon_core.package_discovery:discover_packages(prefix_path) discover
[1.848s] WARNING:colcon.colcon_ros.prefix_path.ament:The path '/home/adhiraj/fishbot_ws/install/fishbot_description' in the environment variable AMENT_PREFIX_PATH doesn't exist
[1.849s] WARNING:colcon.colcon_ros.prefix_path.catkin:The path '/home/adhiraj/fishbot_ws/install/fishbot_description' in the environment variable CMAKE_PREFIX_PATH doesn't exist
[1.852s] DEBUG:colcon.colcon_installed_package_information.package_discovery:Found 1 installed packages in /home/adhiraj/fishbot_ws/install
[1.857s] DEBUG:colcon.colcon_installed_package_information.package_discovery:Found 275 installed packages in /opt/ros/humble
[1.860s] Level 1:colcon.colcon_core.package_discovery:discover_packages(prefix_path) using defaults
[2.054s] Level 5:colcon.colcon_core.verb:set package 'fishbot_description' build argument 'cmake_args' from command line to 'None'
[2.054s] Level 5:colcon.colcon_core.verb:set package 'fishbot_description' build argument 'cmake_target' from command line to 'None'
[2.054s] Level 5:colcon.colcon_core.verb:set package 'fishbot_description' build argument 'cmake_target_skip_unavailable' from command line to 'False'
[2.054s] Level 5:colcon.colcon_core.verb:set package 'fishbot_description' build argument 'cmake_clean_cache' from command line to 'False'
[2.054s] Level 5:colcon.colcon_core.verb:set package 'fishbot_description' build argument 'cmake_clean_first' from command line to 'False'
[2.055s] Level 5:colcon.colcon_core.verb:set package 'fishbot_description' build argument 'cmake_force_configure' from command line to 'False'
[2.055s] Level 5:colcon.colcon_core.verb:set package 'fishbot_description' build argument 'ament_cmake_args' from command line to 'None'
[2.055s] Level 5:colcon.colcon_core.verb:set package 'fishbot_description' build argument 'catkin_cmake_args' from command line to 'None'
[2.055s] Level 5:colcon.colcon_core.verb:set package 'fishbot_description' build argument 'catkin_skip_building_tests' from command line to 'False'
[2.055s] DEBUG:colcon.colcon_core.verb:Building package 'fishbot_description' with the following arguments: {'ament_cmake_args': None, 'build_base': '/home/adhiraj/fishbot_ws/build/fishbot_description', 'catkin_cmake_args': None, 'catkin_skip_building_tests': False, 'cmake_args': None, 'cmake_clean_cache': False, 'cmake_clean_first': False, 'cmake_force_configure': False, 'cmake_target': None, 'cmake_target_skip_unavailable': False, 'install_base': '/home/adhiraj/fishbot_ws/install/fishbot_description', 'merge_install': False, 'path': '/home/adhiraj/fishbot_ws/src/fishbot_description', 'symlink_install': False, 'test_result_base': None}
[2.055s] INFO:colcon.colcon_core.executor:Executing jobs using 'parallel' executor
[2.057s] DEBUG:colcon.colcon_parallel_executor.executor.parallel:run_until_complete
[2.058s] INFO:colcon.colcon_ros.task.ament_cmake.build:Building ROS package in '/home/adhiraj/fishbot_ws/src/fishbot_description' with build type 'ament_cmake'
[2.059s] INFO:colcon.colcon_cmake.task.cmake.build:Building CMake package in '/home/adhiraj/fishbot_ws/src/fishbot_description'
[2.071s] INFO:colcon.colcon_core.plugin_system:Skipping extension 'colcon_core.shell.bat': Not used on non-Windows systems
[2.071s] INFO:colcon.colcon_core.shell:Skip shell extension 'powershell' for command environment: Not usable outside of PowerShell
[2.072s] DEBUG:colcon.colcon_core.shell:Skip shell extension 'dsv' for command environment
[2.098s] DEBUG:colcon.colcon_core.event_handler.log_command:Invoking command in '/home/adhiraj/fishbot_ws/build/fishbot_description': CMAKE_PREFIX_PATH=${CMAKE_PREFIX_PATH}:/home/adhiraj/fishbot_ws/install/fishbot_control:/opt/ros/humble /usr/bin/cmake /home/adhiraj/fishbot_ws/src/fishbot_description -DCMAKE_INSTALL_PREFIX=/home/adhiraj/fishbot_ws/install/fishbot_description
[7.080s] DEBUG:colcon.colcon_core.event_handler.log_command:Invoked command in '/home/adhiraj/fishbot_ws/build/fishbot_description' returned '0': CMAKE_PREFIX_PATH=${CMAKE_PREFIX_PATH}:/home/adhiraj/fishbot_ws/install/fishbot_control:/opt/ros/humble /usr/bin/cmake /home/adhiraj/fishbot_ws/src/fishbot_description -DCMAKE_INSTALL_PREFIX=/home/adhiraj/fishbot_ws/install/fishbot_description
[7.081s] DEBUG:colcon.colcon_core.event_handler.log_command:Invoking command in '/home/adhiraj/fishbot_ws/build/fishbot_description': CMAKE_PREFIX_PATH=${CMAKE_PREFIX_PATH}:/home/adhiraj/fishbot_ws/install/fishbot_control:/opt/ros/humble /usr/bin/cmake --build /home/adhiraj/fishbot_ws/build/fishbot_description -- -j16 -l16
[7.164s] DEBUG:colcon.colcon_core.event_handler.log_command:Invoked command in '/home/adhiraj/fishbot_ws/build/fishbot_description' returned '0': CMAKE_PREFIX_PATH=${CMAKE_PREFIX_PATH}:/home/adhiraj/fishbot_ws/install/fishbot_control:/opt/ros/humble /usr/bin/cmake --build /home/adhiraj/fishbot_ws/build/fishbot_description -- -j16 -l16
[7.186s] DEBUG:colcon.colcon_core.event_handler.log_command:Invoking command in '/home/adhiraj/fishbot_ws/build/fishbot_description': CMAKE_PREFIX_PATH=${CMAKE_PREFIX_PATH}:/home/adhiraj/fishbot_ws/install/fishbot_control:/opt/ros/humble /usr/bin/cmake --install /home/adhiraj/fishbot_ws/build/fishbot_description
[7.228s] Level 1:colcon.colcon_core.environment:create_environment_scripts_only(fishbot_description)
[7.230s] DEBUG:colcon.colcon_core.event_handler.log_command:Invoked command in '/home/adhiraj/fishbot_ws/build/fishbot_description' returned '0': CMAKE_PREFIX_PATH=${CMAKE_PREFIX_PATH}:/home/adhiraj/fishbot_ws/install/fishbot_control:/opt/ros/humble /usr/bin/cmake --install /home/adhiraj/fishbot_ws/build/fishbot_description
[7.293s] Level 1:colcon.colcon_core.environment:checking '/home/adhiraj/fishbot_ws/install/fishbot_description' for CMake module files
[7.294s] Level 1:colcon.colcon_core.environment:checking '/home/adhiraj/fishbot_ws/install/fishbot_description' for CMake config files
[7.294s] Level 1:colcon.colcon_core.shell:create_environment_hook('fishbot_description', 'cmake_prefix_path')
[7.295s] INFO:colcon.colcon_core.shell:Creating environment hook '/home/adhiraj/fishbot_ws/install/fishbot_description/share/fishbot_description/hook/cmake_prefix_path.ps1'
[7.299s] INFO:colcon.colcon_core.shell:Creating environment descriptor '/home/adhiraj/fishbot_ws/install/fishbot_description/share/fishbot_description/hook/cmake_prefix_path.dsv'
[7.301s] INFO:colcon.colcon_core.shell:Creating environment hook '/home/adhiraj/fishbot_ws/install/fishbot_description/share/fishbot_description/hook/cmake_prefix_path.sh'
[7.304s] Level 1:colcon.colcon_core.environment:checking '/home/adhiraj/fishbot_ws/install/fishbot_description/bin'
[7.305s] Level 1:colcon.colcon_core.environment:checking '/home/adhiraj/fishbot_ws/install/fishbot_description/lib/pkgconfig/fishbot_description.pc'
[7.305s] Level 1:colcon.colcon_core.environment:checking '/home/adhiraj/fishbot_ws/install/fishbot_description/lib/python3.10/site-packages'
[7.306s] Level 1:colcon.colcon_core.environment:checking '/home/adhiraj/fishbot_ws/install/fishbot_description/bin'
[7.307s] INFO:colcon.colcon_core.shell:Creating package script '/home/adhiraj/fishbot_ws/install/fishbot_description/share/fishbot_description/package.ps1'
[7.310s] INFO:colcon.colcon_core.shell:Creating package descriptor '/home/adhiraj/fishbot_ws/install/fishbot_description/share/fishbot_description/package.dsv'
[7.312s] INFO:colcon.colcon_core.shell:Creating package script '/home/adhiraj/fishbot_ws/install/fishbot_description/share/fishbot_description/package.sh'
[7.314s] INFO:colcon.colcon_core.shell:Creating package script '/home/adhiraj/fishbot_ws/install/fishbot_description/share/fishbot_description/package.bash'
[7.317s] INFO:colcon.colcon_core.shell:Creating package script '/home/adhiraj/fishbot_ws/install/fishbot_description/share/fishbot_description/package.zsh'
[7.320s] Level 1:colcon.colcon_core.environment:create_file_with_runtime_dependencies(/home/adhiraj/fishbot_ws/install/fishbot_description/share/colcon-core/packages/fishbot_description)
[7.323s] Level 1:colcon.colcon_core.environment:create_environment_scripts_only(fishbot_description)
[7.324s] Level 1:colcon.colcon_core.environment:checking '/home/adhiraj/fishbot_ws/install/fishbot_description' for CMake module files
[7.325s] Level 1:colcon.colcon_core.environment:checking '/home/adhiraj/fishbot_ws/install/fishbot_description' for CMake config files
[7.325s] Level 1:colcon.colcon_core.shell:create_environment_hook('fishbot_description', 'cmake_prefix_path')
[7.325s] INFO:colcon.colcon_core.shell:Creating environment hook '/home/adhiraj/fishbot_ws/install/fishbot_description/share/fishbot_description/hook/cmake_prefix_path.ps1'
[7.326s] INFO:colcon.colcon_core.shell:Creating environment descriptor '/home/adhiraj/fishbot_ws/install/fishbot_description/share/fishbot_description/hook/cmake_prefix_path.dsv'
[7.327s] INFO:colcon.colcon_core.shell:Creating environment hook '/home/adhiraj/fishbot_ws/install/fishbot_description/share/fishbot_description/hook/cmake_prefix_path.sh'
[7.328s] Level 1:colcon.colcon_core.environment:checking '/home/adhiraj/fishbot_ws/install/fishbot_description/bin'
[7.329s] Level 1:colcon.colcon_core.environment:checking '/home/adhiraj/fishbot_ws/install/fishbot_description/lib/pkgconfig/fishbot_description.pc'
[7.329s] Level 1:colcon.colcon_core.environment:checking '/home/adhiraj/fishbot_ws/install/fishbot_description/lib/python3.10/site-packages'
[7.330s] Level 1:colcon.colcon_core.environment:checking '/home/adhiraj/fishbot_ws/install/fishbot_description/bin'
[7.330s] INFO:colcon.colcon_core.shell:Creating package script '/home/adhiraj/fishbot_ws/install/fishbot_description/share/fishbot_description/package.ps1'
[7.331s] INFO:colcon.colcon_core.shell:Creating package descriptor '/home/adhiraj/fishbot_ws/install/fishbot_description/share/fishbot_description/package.dsv'
[7.332s] INFO:colcon.colcon_core.shell:Creating package script '/home/adhiraj/fishbot_ws/install/fishbot_description/share/fishbot_description/package.sh'
[7.333s] INFO:colcon.colcon_core.shell:Creating package script '/home/adhiraj/fishbot_ws/install/fishbot_description/share/fishbot_description/package.bash'
[7.334s] INFO:colcon.colcon_core.shell:Creating package script '/home/adhiraj/fishbot_ws/install/fishbot_description/share/fishbot_description/package.zsh'
[7.335s] Level 1:colcon.colcon_core.environment:create_file_with_runtime_dependencies(/home/adhiraj/fishbot_ws/install/fishbot_description/share/colcon-core/packages/fishbot_description)
[7.336s] DEBUG:colcon.colcon_parallel_executor.executor.parallel:closing loop
[7.336s] DEBUG:colcon.colcon_parallel_executor.executor.parallel:loop closed
[7.337s] DEBUG:colcon.colcon_parallel_executor.executor.parallel:run_until_complete finished with '0'
[7.337s] DEBUG:colcon.colcon_core.event_reactor:joining thread
[7.467s] INFO:colcon.colcon_core.plugin_system:Skipping extension 'colcon_notification.desktop_notification.notify_send': Could not find 'notify-send'
[7.468s] INFO:colcon.colcon_core.plugin_system:Skipping extension 'colcon_notification.desktop_notification.terminal_notifier': Not used on non-Darwin systems
[7.468s] INFO:colcon.colcon_core.plugin_system:Skipping extension 'colcon_notification.desktop_notification.win32': Not used on non-Windows systems
[7.468s] INFO:colcon.colcon_notification.desktop_notification:Sending desktop notification using 'notify2'
[7.469s] DEBUG:colcon.colcon_notification.desktop_notification.notify2:Failed to initialize notify2: org.freedesktop.DBus.Error.FileNotFound: Failed to connect to socket /run/user/1000/bus: No such file or directory
[7.469s] DEBUG:colcon.colcon_core.event_reactor:joined thread
[7.470s] INFO:colcon.colcon_core.shell:Creating prefix script '/home/adhiraj/fishbot_ws/install/local_setup.ps1'
[7.473s] INFO:colcon.colcon_core.shell:Creating prefix util module '/home/adhiraj/fishbot_ws/install/_local_setup_util_ps1.py'
[7.477s] INFO:colcon.colcon_core.shell:Creating prefix chain script '/home/adhiraj/fishbot_ws/install/setup.ps1'
[7.481s] INFO:colcon.colcon_core.shell:Creating prefix script '/home/adhiraj/fishbot_ws/install/local_setup.sh'
[7.483s] INFO:colcon.colcon_core.shell:Creating prefix util module '/home/adhiraj/fishbot_ws/install/_local_setup_util_sh.py'
[7.484s] INFO:colcon.colcon_core.shell:Creating prefix chain script '/home/adhiraj/fishbot_ws/install/setup.sh'
[7.487s] INFO:colcon.colcon_core.shell:Creating prefix script '/home/adhiraj/fishbot_ws/install/local_setup.bash'
[7.488s] INFO:colcon.colcon_core.shell:Creating prefix chain script '/home/adhiraj/fishbot_ws/install/setup.bash'
[7.491s] INFO:colcon.colcon_core.shell:Creating prefix script '/home/adhiraj/fishbot_ws/install/local_setup.zsh'
[7.493s] INFO:colcon.colcon_core.shell:Creating prefix chain script '/home/adhiraj/fishbot_ws/install/setup.zsh'
