-- Install configuration: ""
-- Up-to-date: /home/adhiraj/fishbot_ws/install/fishbot_description/share/fishbot_description/urdf
-- Installing: /home/adhiraj/fishbot_ws/install/fishbot_description/share/fishbot_description/urdf/fishbot.urdf
-- Up-to-date: /home/adhiraj/fishbot_ws/install/fishbot_description/share/fishbot_description/urdf/fishbot_old_working.urdf
-- Up-to-date: /home/adhiraj/fishbot_ws/install/fishbot_description/share/fishbot_description/urdf/fishbot(v1).urdf
-- Up-to-date: /home/adhiraj/fishbot_ws/install/fishbot_description/share/fishbot_description/urdf/fishbot(v2).urdf
-- Up-to-date: /home/adhiraj/fishbot_ws/install/fishbot_description/share/fishbot_description/launch
-- Up-to-date: /home/adhiraj/fishbot_ws/install/fishbot_description/share/fishbot_description/launch/display.launch.py
-- Up-to-date: /home/adhiraj/fishbot_ws/install/fishbot_description/share/fishbot_description/launch/gazebo.launch.py
-- Up-to-date: /home/adhiraj/fishbot_ws/install/fishbot_description/share/fishbot_description/worlds
-- Up-to-date: /home/adhiraj/fishbot_ws/install/fishbot_description/share/fishbot_description/worlds/ocean.world
-- Up-to-date: /home/adhiraj/fishbot_ws/install/fishbot_description/share/fishbot_description/config
-- Up-to-date: /home/adhiraj/fishbot_ws/install/fishbot_description/share/fishbot_description/config/fishbot_controllers.yaml
-- Up-to-date: /home/adhiraj/fishbot_ws/install/fishbot_description/share/ament_index/resource_index/package_run_dependencies/fishbot_description
-- Up-to-date: /home/adhiraj/fishbot_ws/install/fishbot_description/share/ament_index/resource_index/parent_prefix_path/fishbot_description
-- Up-to-date: /home/adhiraj/fishbot_ws/install/fishbot_description/share/fishbot_description/environment/ament_prefix_path.sh
-- Up-to-date: /home/adhiraj/fishbot_ws/install/fishbot_description/share/fishbot_description/environment/ament_prefix_path.dsv
-- Up-to-date: /home/adhiraj/fishbot_ws/install/fishbot_description/share/fishbot_description/environment/path.sh
-- Up-to-date: /home/adhiraj/fishbot_ws/install/fishbot_description/share/fishbot_description/environment/path.dsv
-- Up-to-date: /home/adhiraj/fishbot_ws/install/fishbot_description/share/fishbot_description/local_setup.bash
-- Up-to-date: /home/adhiraj/fishbot_ws/install/fishbot_description/share/fishbot_description/local_setup.sh
-- Up-to-date: /home/adhiraj/fishbot_ws/install/fishbot_description/share/fishbot_description/local_setup.zsh
-- Up-to-date: /home/adhiraj/fishbot_ws/install/fishbot_description/share/fishbot_description/local_setup.dsv
-- Up-to-date: /home/adhiraj/fishbot_ws/install/fishbot_description/share/fishbot_description/package.dsv
-- Up-to-date: /home/adhiraj/fishbot_ws/install/fishbot_description/share/ament_index/resource_index/packages/fishbot_description
-- Up-to-date: /home/adhiraj/fishbot_ws/install/fishbot_description/share/fishbot_description/cmake/fishbot_descriptionConfig.cmake
-- Up-to-date: /home/adhiraj/fishbot_ws/install/fishbot_description/share/fishbot_description/cmake/fishbot_descriptionConfig-version.cmake
-- Up-to-date: /home/adhiraj/fishbot_ws/install/fishbot_description/share/fishbot_description/package.xml
