running egg_info
writing ../../build/fishbot_control/fishbot_control.egg-info/PKG-INFO
writing dependency_links to ../../build/fishbot_control/fishbot_control.egg-info/dependency_links.txt
writing entry points to ../../build/fishbot_control/fishbot_control.egg-info/entry_points.txt
writing requirements to ../../build/fishbot_control/fishbot_control.egg-info/requires.txt
writing top-level names to ../../build/fishbot_control/fishbot_control.egg-info/top_level.txt
reading manifest file '../../build/fishbot_control/fishbot_control.egg-info/SOURCES.txt'
writing manifest file '../../build/fishbot_control/fishbot_control.egg-info/SOURCES.txt'
running build
running build_py
running install
running install_lib
running install_data
running install_egg_info
removing '/home/adhiraj/fishbot_ws/install/fishbot_control/lib/python3.10/site-packages/fishbot_control-0.0.0-py3.10.egg-info' (and everything under it)
Copying ../../build/fishbot_control/fishbot_control.egg-info to /home/adhiraj/fishbot_ws/install/fishbot_control/lib/python3.10/site-packages/fishbot_control-0.0.0-py3.10.egg-info
running install_scripts
Installing swim_listener script to /home/adhiraj/fishbot_ws/install/fishbot_control/lib/fishbot_control
Installing swim_publisher script to /home/adhiraj/fishbot_ws/install/fishbot_control/lib/fishbot_control
writing list of installed files to '/home/adhiraj/fishbot_ws/build/fishbot_control/install.log'
