[0.013s] Invoking command in '/home/adhiraj/fishbot_ws/build/fishbot_description': CMAKE_PREFIX_PATH=/opt/ros/humble /usr/bin/cmake --build /home/adhiraj/fishbot_ws/build/fishbot_description -- -j16 -l16
[0.104s] Invoked command in '/home/adhiraj/fishbot_ws/build/fishbot_description' returned '0': CMAKE_PREFIX_PATH=/opt/ros/humble /usr/bin/cmake --build /home/adhiraj/fishbot_ws/build/fishbot_description -- -j16 -l16
[0.116s] Invoking command in '/home/adhiraj/fishbot_ws/build/fishbot_description': CMAKE_PREFIX_PATH=/opt/ros/humble /usr/bin/cmake --install /home/adhiraj/fishbot_ws/build/fishbot_description
[0.124s] -- Install configuration: ""
[0.124s] -- Up-to-date: /home/adhiraj/fishbot_ws/install/fishbot_description/share/fishbot_description/urdf
[0.125s] -- Up-to-date: /home/adhiraj/fishbot_ws/install/fishbot_description/share/fishbot_description/urdf/fishbot.urdf
[0.125s] -- Up-to-date: /home/adhiraj/fishbot_ws/install/fishbot_description/share/fishbot_description/urdf/fishbot_old_working.urdf
[0.125s] -- Up-to-date: /home/adhiraj/fishbot_ws/install/fishbot_description/share/fishbot_description/urdf/fishbot(v1).urdf
[0.126s] -- Up-to-date: /home/adhiraj/fishbot_ws/install/fishbot_description/share/fishbot_description/launch
[0.126s] -- Up-to-date: /home/adhiraj/fishbot_ws/install/fishbot_description/share/fishbot_description/launch/display.launch.py
[0.126s] -- Up-to-date: /home/adhiraj/fishbot_ws/install/fishbot_description/share/fishbot_description/launch/gazebo.launch.py
[0.126s] -- Up-to-date: /home/adhiraj/fishbot_ws/install/fishbot_description/share/fishbot_description/worlds
[0.126s] -- Up-to-date: /home/adhiraj/fishbot_ws/install/fishbot_description/share/fishbot_description/worlds/ocean.world
[0.126s] -- Up-to-date: /home/adhiraj/fishbot_ws/install/fishbot_description/share/ament_index/resource_index/package_run_dependencies/fishbot_description
[0.126s] -- Up-to-date: /home/adhiraj/fishbot_ws/install/fishbot_description/share/ament_index/resource_index/parent_prefix_path/fishbot_description
[0.126s] -- Up-to-date: /home/adhiraj/fishbot_ws/install/fishbot_description/share/fishbot_description/environment/ament_prefix_path.sh
[0.126s] -- Up-to-date: /home/adhiraj/fishbot_ws/install/fishbot_description/share/fishbot_description/environment/ament_prefix_path.dsv
[0.126s] -- Up-to-date: /home/adhiraj/fishbot_ws/install/fishbot_description/share/fishbot_description/environment/path.sh
[0.126s] -- Up-to-date: /home/adhiraj/fishbot_ws/install/fishbot_description/share/fishbot_description/environment/path.dsv
[0.126s] -- Up-to-date: /home/adhiraj/fishbot_ws/install/fishbot_description/share/fishbot_description/local_setup.bash
[0.127s] -- Up-to-date: /home/adhiraj/fishbot_ws/install/fishbot_description/share/fishbot_description/local_setup.sh
[0.127s] -- Up-to-date: /home/adhiraj/fishbot_ws/install/fishbot_description/share/fishbot_description/local_setup.zsh
[0.127s] -- Up-to-date: /home/adhiraj/fishbot_ws/install/fishbot_description/share/fishbot_description/local_setup.dsv
[0.127s] -- Installing: /home/adhiraj/fishbot_ws/install/fishbot_description/share/fishbot_description/package.dsv
[0.127s] -- Up-to-date: /home/adhiraj/fishbot_ws/install/fishbot_description/share/ament_index/resource_index/packages/fishbot_description
[0.127s] -- Up-to-date: /home/adhiraj/fishbot_ws/install/fishbot_description/share/fishbot_description/cmake/fishbot_descriptionConfig.cmake
[0.127s] -- Up-to-date: /home/adhiraj/fishbot_ws/install/fishbot_description/share/fishbot_description/cmake/fishbot_descriptionConfig-version.cmake
[0.127s] -- Up-to-date: /home/adhiraj/fishbot_ws/install/fishbot_description/share/fishbot_description/package.xml
[0.129s] Invoked command in '/home/adhiraj/fishbot_ws/build/fishbot_description' returned '0': CMAKE_PREFIX_PATH=/opt/ros/humble /usr/bin/cmake --install /home/adhiraj/fishbot_ws/build/fishbot_description
