[0.032s] Invoking command in '/home/adhiraj/fishbot_ws/build/fishbot_description': CMAKE_PREFIX_PATH=${CMAKE_PREFIX_PATH}:/home/adhiraj/fishbot_ws/install/fishbot_control:/opt/ros/humble /usr/bin/cmake --build /home/adhiraj/fishbot_ws/build/fishbot_description -- -j16 -l16
[0.130s] Invoked command in '/home/adhiraj/fishbot_ws/build/fishbot_description' returned '0': CMAKE_PREFIX_PATH=${CMAKE_PREFIX_PATH}:/home/adhiraj/fishbot_ws/install/fishbot_control:/opt/ros/humble /usr/bin/cmake --build /home/adhiraj/fishbot_ws/build/fishbot_description -- -j16 -l16
[0.149s] Invoking command in '/home/adhiraj/fishbot_ws/build/fishbot_description': CMAKE_PREFIX_PATH=${CMAKE_PREFIX_PATH}:/home/adhiraj/fishbot_ws/install/fishbot_control:/opt/ros/humble /usr/bin/cmake --install /home/adhiraj/fishbot_ws/build/fishbot_description
[0.168s] -- Install configuration: ""
[0.169s] -- Up-to-date: /home/adhiraj/fishbot_ws/install/fishbot_description/share/fishbot_description/urdf
[0.169s] -- Installing: /home/adhiraj/fishbot_ws/install/fishbot_description/share/fishbot_description/urdf/fishbot.urdf
[0.169s] -- Installing: /home/adhiraj/fishbot_ws/install/fishbot_description/share/fishbot_description/urdf/fishbot_old_working.urdf
[0.170s] -- Up-to-date: /home/adhiraj/fishbot_ws/install/fishbot_description/share/fishbot_description/launch
[0.171s] -- Up-to-date: /home/adhiraj/fishbot_ws/install/fishbot_description/share/fishbot_description/launch/display.launch.py
[0.171s] -- Up-to-date: /home/adhiraj/fishbot_ws/install/fishbot_description/share/ament_index/resource_index/package_run_dependencies/fishbot_description
[0.172s] -- Up-to-date: /home/adhiraj/fishbot_ws/install/fishbot_description/share/ament_index/resource_index/parent_prefix_path/fishbot_description
[0.172s] -- Up-to-date: /home/adhiraj/fishbot_ws/install/fishbot_description/share/fishbot_description/environment/ament_prefix_path.sh
[0.173s] -- Up-to-date: /home/adhiraj/fishbot_ws/install/fishbot_description/share/fishbot_description/environment/ament_prefix_path.dsv
[0.173s] -- Up-to-date: /home/adhiraj/fishbot_ws/install/fishbot_description/share/fishbot_description/environment/path.sh
[0.173s] -- Up-to-date: /home/adhiraj/fishbot_ws/install/fishbot_description/share/fishbot_description/environment/path.dsv
[0.174s] -- Up-to-date: /home/adhiraj/fishbot_ws/install/fishbot_description/share/fishbot_description/local_setup.bash
[0.174s] -- Up-to-date: /home/adhiraj/fishbot_ws/install/fishbot_description/share/fishbot_description/local_setup.sh
[0.174s] -- Up-to-date: /home/adhiraj/fishbot_ws/install/fishbot_description/share/fishbot_description/local_setup.zsh
[0.174s] -- Up-to-date: /home/adhiraj/fishbot_ws/install/fishbot_description/share/fishbot_description/local_setup.dsv
[0.174s] -- Up-to-date: /home/adhiraj/fishbot_ws/install/fishbot_description/share/fishbot_description/package.dsv
[0.174s] -- Up-to-date: /home/adhiraj/fishbot_ws/install/fishbot_description/share/ament_index/resource_index/packages/fishbot_description
[0.175s] -- Up-to-date: /home/adhiraj/fishbot_ws/install/fishbot_description/share/fishbot_description/cmake/fishbot_descriptionConfig.cmake
[0.175s] -- Up-to-date: /home/adhiraj/fishbot_ws/install/fishbot_description/share/fishbot_description/cmake/fishbot_descriptionConfig-version.cmake
[0.175s] -- Up-to-date: /home/adhiraj/fishbot_ws/install/fishbot_description/share/fishbot_description/package.xml
[0.178s] Invoked command in '/home/adhiraj/fishbot_ws/build/fishbot_description' returned '0': CMAKE_PREFIX_PATH=${CMAKE_PREFIX_PATH}:/home/adhiraj/fishbot_ws/install/fishbot_control:/opt/ros/humble /usr/bin/cmake --install /home/adhiraj/fishbot_ws/build/fishbot_description
