[0.019s] Invoking command in '/home/adhiraj/fishbot_ws/build/fishbot_description': CMAKE_PREFIX_PATH=/opt/ros/humble /usr/bin/cmake --build /home/adhiraj/fishbot_ws/build/fishbot_description -- -j16 -l16
[0.110s] -- Found ament_cmake: 1.3.14 (/opt/ros/humble/share/ament_cmake/cmake)
[0.264s] -- Found ament_lint_auto: 0.12.15 (/opt/ros/humble/share/ament_lint_auto/cmake)
[0.341s] -- Added test 'flake8' to check Python code syntax and style conventions
[0.342s] -- Added test 'lint_cmake' to check CMake code style
[0.343s] -- Added test 'pep257' to check Python code against some of the docstring style conventions in PEP 257
[0.345s] -- Added test 'xmllint' to check XML markup files
[0.348s] -- Configuring done
[0.358s] -- Generating done
[0.361s] -- Build files have been written to: /home/adhiraj/fishbot_ws/build/fishbot_description
[0.389s] Invoked command in '/home/adhiraj/fishbot_ws/build/fishbot_description' returned '0': CMAKE_PREFIX_PATH=/opt/ros/humble /usr/bin/cmake --build /home/adhiraj/fishbot_ws/build/fishbot_description -- -j16 -l16
[0.399s] Invoking command in '/home/adhiraj/fishbot_ws/build/fishbot_description': CMAKE_PREFIX_PATH=/opt/ros/humble /usr/bin/cmake --install /home/adhiraj/fishbot_ws/build/fishbot_description
[0.406s] -- Install configuration: ""
[0.406s] -- Up-to-date: /home/adhiraj/fishbot_ws/install/fishbot_description/share/fishbot_description/urdf
[0.406s] -- Installing: /home/adhiraj/fishbot_ws/install/fishbot_description/share/fishbot_description/urdf/fishbot.urdf
[0.407s] -- Up-to-date: /home/adhiraj/fishbot_ws/install/fishbot_description/share/fishbot_description/urdf/fishbot_old_working.urdf
[0.407s] -- Installing: /home/adhiraj/fishbot_ws/install/fishbot_description/share/fishbot_description/urdf/fishbot(v1).urdf
[0.407s] -- Installing: /home/adhiraj/fishbot_ws/install/fishbot_description/share/fishbot_description/urdf/fishbot(v2).urdf
[0.407s] -- Up-to-date: /home/adhiraj/fishbot_ws/install/fishbot_description/share/fishbot_description/launch
[0.407s] -- Up-to-date: /home/adhiraj/fishbot_ws/install/fishbot_description/share/fishbot_description/launch/display.launch.py
[0.407s] -- Installing: /home/adhiraj/fishbot_ws/install/fishbot_description/share/fishbot_description/launch/gazebo.launch.py
[0.408s] -- Up-to-date: /home/adhiraj/fishbot_ws/install/fishbot_description/share/fishbot_description/worlds
[0.408s] -- Up-to-date: /home/adhiraj/fishbot_ws/install/fishbot_description/share/fishbot_description/worlds/ocean.world
[0.409s] -- Installing: /home/adhiraj/fishbot_ws/install/fishbot_description/share/fishbot_description/config
[0.409s] -- Installing: /home/adhiraj/fishbot_ws/install/fishbot_description/share/fishbot_description/config/fishbot_controllers.yaml
[0.410s] -- Up-to-date: /home/adhiraj/fishbot_ws/install/fishbot_description/share/ament_index/resource_index/package_run_dependencies/fishbot_description
[0.410s] -- Installing: /home/adhiraj/fishbot_ws/install/fishbot_description/share/ament_index/resource_index/parent_prefix_path/fishbot_description
[0.410s] -- Up-to-date: /home/adhiraj/fishbot_ws/install/fishbot_description/share/fishbot_description/environment/ament_prefix_path.sh
[0.410s] -- Installing: /home/adhiraj/fishbot_ws/install/fishbot_description/share/fishbot_description/environment/ament_prefix_path.dsv
[0.411s] -- Up-to-date: /home/adhiraj/fishbot_ws/install/fishbot_description/share/fishbot_description/environment/path.sh
[0.411s] -- Installing: /home/adhiraj/fishbot_ws/install/fishbot_description/share/fishbot_description/environment/path.dsv
[0.411s] -- Up-to-date: /home/adhiraj/fishbot_ws/install/fishbot_description/share/fishbot_description/local_setup.bash
[0.411s] -- Up-to-date: /home/adhiraj/fishbot_ws/install/fishbot_description/share/fishbot_description/local_setup.sh
[0.411s] -- Up-to-date: /home/adhiraj/fishbot_ws/install/fishbot_description/share/fishbot_description/local_setup.zsh
[0.411s] -- Installing: /home/adhiraj/fishbot_ws/install/fishbot_description/share/fishbot_description/local_setup.dsv
[0.412s] -- Installing: /home/adhiraj/fishbot_ws/install/fishbot_description/share/fishbot_description/package.dsv
[0.412s] -- Up-to-date: /home/adhiraj/fishbot_ws/install/fishbot_description/share/ament_index/resource_index/packages/fishbot_description
[0.412s] -- Up-to-date: /home/adhiraj/fishbot_ws/install/fishbot_description/share/fishbot_description/cmake/fishbot_descriptionConfig.cmake
[0.412s] -- Up-to-date: /home/adhiraj/fishbot_ws/install/fishbot_description/share/fishbot_description/cmake/fishbot_descriptionConfig-version.cmake
[0.412s] -- Up-to-date: /home/adhiraj/fishbot_ws/install/fishbot_description/share/fishbot_description/package.xml
[0.415s] Invoked command in '/home/adhiraj/fishbot_ws/build/fishbot_description' returned '0': CMAKE_PREFIX_PATH=/opt/ros/humble /usr/bin/cmake --install /home/adhiraj/fishbot_ws/build/fishbot_description
